2021-01-15T18:03:30+00:00 INFO Generating payment form for order 4398. Notify URL: https://sufyansboutique.webbew.in/wc-api/WC_Gateway_Paypal/
2021-01-15T18:03:30+00:00 INFO PayPal Request Args for order 4398: Array
(
    [cmd] => _cart
    [business] => info@sufyansboutique.co.uk
    [no_note] => 1
    [currency_code] => GBP
    [charset] => utf-8
    [rm] => 2
    [upload] => 1
    [return] => https://sufyansboutique.webbew.in/checkout-2/order-received/4398/?key=wc_order_kg8GjEb7NWWUB&utm_nooverride=1
    [cancel_return] => https://sufyansboutique.webbew.in/cart-2/?cancel_order=true&order=wc_order_kg8GjEb7NWWUB&order_id=4398&redirect&_wpnonce=ff0c76de85
    [page_style] => 
    [image_url] => 
    [paymentaction] => sale
    [invoice] => WC-4398
    [custom] => {"order_id":4398,"order_key":"wc_order_kg8GjEb7NWWUB"}
    [notify_url] => https://sufyansboutique.webbew.in/wc-api/WC_Gateway_Paypal/
    [first_name] => ***
    [last_name] => ***
    [address1] => ***
    [address2] => ***
    [city] => ***
    [state] => ***
    [zip] => ***
    [country] => ***
    [email] => ***@***
    [night_phone_a] => ***
    [night_phone_b] => ***
    [no_shipping] => 1
    [tax_cart] => 0.00
    [item_name_1] => Cotton trouser with patchwork - XL, Black
    [quantity_1] => 1
    [amount_1] => 7
    [item_number_1] => BAG933-1-1
    [bn] => WooThemes_Cart
)

2021-01-15T18:10:54+00:00 INFO Generating payment form for order 4398. Notify URL: https://sufyansboutique.webbew.in/wc-api/WC_Gateway_Paypal/
2021-01-15T18:10:54+00:00 INFO PayPal Request Args for order 4398: Array
(
    [cmd] => _cart
    [business] => info@sufyansboutique.co.uk
    [no_note] => 1
    [currency_code] => GBP
    [charset] => utf-8
    [rm] => 2
    [upload] => 1
    [return] => https://sufyansboutique.webbew.in/checkout-2/order-received/4398/?key=wc_order_kg8GjEb7NWWUB&utm_nooverride=1
    [cancel_return] => https://sufyansboutique.webbew.in/cart-2/?cancel_order=true&order=wc_order_kg8GjEb7NWWUB&order_id=4398&redirect&_wpnonce=ff0c76de85
    [page_style] => 
    [image_url] => 
    [paymentaction] => sale
    [invoice] => WC-4398
    [custom] => {"order_id":4398,"order_key":"wc_order_kg8GjEb7NWWUB"}
    [notify_url] => https://sufyansboutique.webbew.in/wc-api/WC_Gateway_Paypal/
    [first_name] => ***
    [last_name] => ***
    [address1] => ***
    [address2] => ***
    [city] => ***
    [state] => ***
    [zip] => ***
    [country] => ***
    [email] => ***@***
    [night_phone_a] => ***
    [night_phone_b] => ***
    [no_shipping] => 1
    [tax_cart] => 0.00
    [item_name_1] => Cotton trouser with patchwork - XL, Black
    [quantity_1] => 1
    [amount_1] => 7
    [item_number_1] => BAG933-1-1
    [bn] => WooThemes_Cart
)

2021-01-15T18:13:47+00:00 INFO Generating payment form for order 4398. Notify URL: https://sufyansboutique.webbew.in/wc-api/WC_Gateway_Paypal/
2021-01-15T18:13:47+00:00 INFO PayPal Request Args for order 4398: Array
(
    [cmd] => _cart
    [business] => info@sufyansboutique.co.uk
    [no_note] => 1
    [currency_code] => GBP
    [charset] => utf-8
    [rm] => 2
    [upload] => 1
    [return] => https://sufyansboutique.webbew.in/checkout-2/order-received/4398/?key=wc_order_kg8GjEb7NWWUB&utm_nooverride=1
    [cancel_return] => https://sufyansboutique.webbew.in/cart-2/?cancel_order=true&order=wc_order_kg8GjEb7NWWUB&order_id=4398&redirect&_wpnonce=ff0c76de85
    [page_style] => 
    [image_url] => 
    [paymentaction] => sale
    [invoice] => WC-4398
    [custom] => {"order_id":4398,"order_key":"wc_order_kg8GjEb7NWWUB"}
    [notify_url] => https://sufyansboutique.webbew.in/wc-api/WC_Gateway_Paypal/
    [first_name] => ***
    [last_name] => ***
    [address1] => ***
    [address2] => ***
    [city] => ***
    [state] => ***
    [zip] => ***
    [country] => ***
    [email] => ***@***
    [night_phone_a] => ***
    [night_phone_b] => ***
    [no_shipping] => 1
    [tax_cart] => 0.00
    [item_name_1] => Cotton trouser with patchwork - XL, Black
    [quantity_1] => 1
    [amount_1] => 7
    [item_number_1] => BAG933-1-1
    [bn] => WooThemes_Cart
)

2021-01-15T18:19:52+00:00 INFO Generating payment form for order 4398. Notify URL: https://sufyansboutique.webbew.in/wc-api/WC_Gateway_Paypal/
2021-01-15T18:19:52+00:00 INFO PayPal Request Args for order 4398: Array
(
    [cmd] => _cart
    [business] => info@sufyansboutique.co.uk
    [no_note] => 1
    [currency_code] => GBP
    [charset] => utf-8
    [rm] => 2
    [upload] => 1
    [return] => https://sufyansboutique.webbew.in/checkout-2/order-received/4398/?key=wc_order_kg8GjEb7NWWUB&utm_nooverride=1
    [cancel_return] => https://sufyansboutique.webbew.in/cart-2/?cancel_order=true&order=wc_order_kg8GjEb7NWWUB&order_id=4398&redirect&_wpnonce=ff0c76de85
    [page_style] => 
    [image_url] => 
    [paymentaction] => sale
    [invoice] => WC-4398
    [custom] => {"order_id":4398,"order_key":"wc_order_kg8GjEb7NWWUB"}
    [notify_url] => https://sufyansboutique.webbew.in/wc-api/WC_Gateway_Paypal/
    [first_name] => ***
    [last_name] => ***
    [address1] => ***
    [address2] => ***
    [city] => ***
    [state] => ***
    [zip] => ***
    [country] => ***
    [email] => ***@***
    [night_phone_a] => ***
    [night_phone_b] => ***
    [no_shipping] => 1
    [tax_cart] => 0.00
    [item_name_1] => Cotton trouser with patchwork - XL, Black
    [quantity_1] => 1
    [amount_1] => 7
    [item_number_1] => BAG933-1-1
    [bn] => WooThemes_Cart
)

2021-01-15T18:26:43+00:00 INFO Generating payment form for order 4398. Notify URL: https://sufyansboutique.webbew.in/wc-api/WC_Gateway_Paypal/
2021-01-15T18:26:43+00:00 INFO PayPal Request Args for order 4398: Array
(
    [cmd] => _cart
    [business] => info@sufyansboutique.co.uk
    [no_note] => 1
    [currency_code] => GBP
    [charset] => utf-8
    [rm] => 2
    [upload] => 1
    [return] => https://sufyansboutique.webbew.in/checkout-2/order-received/4398/?key=wc_order_kg8GjEb7NWWUB&utm_nooverride=1
    [cancel_return] => https://sufyansboutique.webbew.in/cart-2/?cancel_order=true&order=wc_order_kg8GjEb7NWWUB&order_id=4398&redirect&_wpnonce=ff0c76de85
    [page_style] => 
    [image_url] => 
    [paymentaction] => sale
    [invoice] => WC-4398
    [custom] => {"order_id":4398,"order_key":"wc_order_kg8GjEb7NWWUB"}
    [notify_url] => https://sufyansboutique.webbew.in/wc-api/WC_Gateway_Paypal/
    [first_name] => ***
    [last_name] => ***
    [address1] => ***
    [address2] => ***
    [city] => ***
    [state] => ***
    [zip] => ***
    [country] => ***
    [email] => ***@***
    [night_phone_a] => ***
    [night_phone_b] => ***
    [no_shipping] => 1
    [tax_cart] => 0.00
    [item_name_1] => Cotton trouser with patchwork - XL, Black
    [quantity_1] => 1
    [amount_1] => 7
    [item_number_1] => BAG933-1-1
    [bn] => WooThemes_Cart
)

